Using pre-set license
Built from '2020.2/release' branch; Version is '2020.2.1f1 (270dd8c3da1c) revision 2559448'; Using compiler version '192528614'; Build Type 'Release'
OS: 'Windows 10  (10.0.0) 64bit' Language: 'en' Physical Memory: 16319 MB
BatchMode: 1, IsHumanControllingUs: 0, StartBugReporterOnCrash: 0, Is64bit: 1, IsPro: 0

 COMMAND LINE ARGUMENTS:
C:\Program Files\Unity\Hub\Editor\2020.2.1f1\Editor\Unity.exe
-adb2
-batchMode
-noUpm
-name
AssetImportWorker0
-projectPath
C:/Dev/CT5051/Retail_Mania
-logFile
Logs/AssetImportWorker0.log
-srvPort
63779
Successfully changed project path to: C:/Dev/CT5051/Retail_Mania
C:/Dev/CT5051/Retail_Mania
Using Asset Import Pipeline V2.
Refreshing native plugins compatible for Editor in 60.95 ms, found 3 plugins.
Preloading 0 native plugins for Editor in 0.00 ms.
Initialize engine version: 2020.2.1f1 (270dd8c3da1c)
[Subsystems] Discovering subsystems at path C:/Program Files/Unity/Hub/Editor/2020.2.1f1/Editor/Data/Resources/UnitySubsystems
[Subsystems] Discovering subsystems at path C:/Dev/CT5051/Retail_Mania/Assets
GfxDevice: creating device client; threaded=0
Direct3D:
    Version:  Direct3D 11.0 [level 11.1]
    Renderer: NVIDIA GeForce GTX 950 (ID=0x1402)
    Vendor:   
    VRAM:     2007 MB
    Driver:   27.21.14.5671
Initialize mono
Mono path[0] = 'C:/Program Files/Unity/Hub/Editor/2020.2.1f1/Editor/Data/Managed'
Mono path[1] = 'C:/Program Files/Unity/Hub/Editor/2020.2.1f1/Editor/Data/MonoBleedingEdge/lib/mono/unityjit'
Mono config path = 'C:/Program Files/Unity/Hub/Editor/2020.2.1f1/Editor/Data/MonoBleedingEdge/etc'
Using monoOptions --debugger-agent=transport=dt_socket,embedding=1,server=y,suspend=n,address=127.0.0.1:56928
Begin MonoManager ReloadAssembly
Registering precompiled unity dll's ...
Register platform support module: C:/Program Files/Unity/Hub/Editor/2020.2.1f1/Editor/Data/PlaybackEngines/WindowsStandaloneSupport/UnityEditor.WindowsStandalone.Extensions.dll
Registered in 0.003900 seconds.
Native extension for WindowsStandalone target not found
Refreshing native plugins compatible for Editor in 43.99 ms, found 3 plugins.
Preloading 0 native plugins for Editor in 0.00 ms.
Invoked RoslynAnalysisRunner static constructor.
RoslynAnalysisRunner will not be running.
RoslynAnalysisRunner has terminated.
Mono: successfully reloaded assembly
- Completed reload, in  1.504 seconds
Platform modules already initialized, skipping
Registering precompiled user dll's ...
Registered in 0.007950 seconds.
Begin MonoManager ReloadAssembly
Native extension for WindowsStandalone target not found
Refreshing native plugins compatible for Editor in 0.42 ms, found 3 plugins.
Preloading 0 native plugins for Editor in 0.00 ms.
Invoked RoslynAnalysisRunner static constructor.
RoslynAnalysisRunner will not be running.
RoslynAnalysisRunner has terminated.
Mono: successfully reloaded assembly
- Completed reload, in  1.559 seconds
Platform modules already initialized, skipping
========================================================================
Worker process is ready to serve import requests
Launched and connected shader compiler UnityShaderCompiler.exe after 0.04 seconds
Refreshing native plugins compatible for Editor in 0.46 ms, found 3 plugins.
Preloading 0 native plugins for Editor in 0.00 ms.
Unloading 1751 Unused Serialized files (Serialized files now loaded: 0)
System memory in use before: 77.6 MB.
System memory in use after: 77.7 MB.

Unloading 21 unused Assets to reduce memory usage. Loaded Objects now: 2185.
Total: 3.429500 ms (FindLiveObjects: 0.398300 ms CreateObjectMapping: 0.313400 ms MarkObjects: 2.643300 ms  DeleteObjects: 0.072700 ms)

========================================================================
Received Import Request.
  path: Assets/Scenes/SampleScene.unity
  artifactKey: Guid(9fc0d4010bbf28b4594072e72b8655ab) Importer(815301076,1909f56bfc062723c751e8b465ee728b)
Start importing Assets/Scenes/SampleScene.unity using Guid(9fc0d4010bbf28b4594072e72b8655ab) Importer(815301076,1909f56bfc062723c751e8b465ee728b)  -> (artifact id: 'a617872f6df6d25429fdc3d5dc9b5d2e') in 0.015792 seconds
  Import took 0.021506 seconds .

========================================================================
Received Prepare
Registering precompiled user dll's ...
Registered in 0.012239 seconds.
Begin MonoManager ReloadAssembly
Native extension for WindowsStandalone target not found
Refreshing native plugins compatible for Editor in 0.68 ms, found 3 plugins.
Preloading 0 native plugins for Editor in 0.00 ms.
Invoked RoslynAnalysisRunner static constructor.
RoslynAnalysisRunner will not be running.
RoslynAnalysisRunner has terminated.
Mono: successfully reloaded assembly
- Completed reload, in  2.190 seconds
Platform modules already initialized, skipping
Refreshing native plugins compatible for Editor in 0.56 ms, found 3 plugins.
Preloading 0 native plugins for Editor in 0.00 ms.
Unloading 1738 Unused Serialized files (Serialized files now loaded: 0)
System memory in use before: 77.1 MB.
System memory in use after: 77.2 MB.

Unloading 16 unused Assets to reduce memory usage. Loaded Objects now: 2188.
Total: 9.622100 ms (FindLiveObjects: 0.294300 ms CreateObjectMapping: 0.239900 ms MarkObjects: 9.060100 ms  DeleteObjects: 0.025300 ms)

========================================================================
Received Import Request.
  Time since last request: 275.047490 seconds.
  path: Assets/Scenes/SampleScene
  artifactKey: Guid(6dbd7621bfe559242b105c9223af6803) Importer(815301076,1909f56bfc062723c751e8b465ee728b)
Start importing Assets/Scenes/SampleScene using Guid(6dbd7621bfe559242b105c9223af6803) Importer(815301076,1909f56bfc062723c751e8b465ee728b)  -> (artifact id: '2cc48548a8a24220667c2a1c71ae91bc') in 0.011251 seconds
  Import took 0.015661 seconds .

========================================================================
Received Import Request.
  Time since last request: 0.052227 seconds.
  path: Assets/Scenes/SampleScene/NavMesh.asset
  artifactKey: Guid(466b816a1d92f864ea8a4f92a8f58635) Importer(815301076,1909f56bfc062723c751e8b465ee728b)
Start importing Assets/Scenes/SampleScene/NavMesh.asset using Guid(466b816a1d92f864ea8a4f92a8f58635) Importer(815301076,1909f56bfc062723c751e8b465ee728b)  -> (artifact id: 'da0d56c68054f266513a694c66bdc6fa') in 0.042652 seconds
  Import took 0.047316 seconds .

========================================================================
Received Import Request.
  Time since last request: 1.688995 seconds.
  path: Assets/Materials
  artifactKey: Guid(a6369ef3f79b2d1439cf74d5f2d2e97f) Importer(815301076,1909f56bfc062723c751e8b465ee728b)
Start importing Assets/Materials using Guid(a6369ef3f79b2d1439cf74d5f2d2e97f) Importer(815301076,1909f56bfc062723c751e8b465ee728b)  -> (artifact id: 'ac5d90131da60e08f342ffb0ed16fb6e') in 0.006212 seconds
  Import took 0.011283 seconds .

========================================================================
Received Import Request.
  Time since last request: 6.081571 seconds.
  path: Assets/Scripts/ClickToMoveScript.cs
  artifactKey: Guid(ae828fc24a93aac4691993b6f6aa4176) Importer(815301076,1909f56bfc062723c751e8b465ee728b)
Start importing Assets/Scripts/ClickToMoveScript.cs using Guid(ae828fc24a93aac4691993b6f6aa4176) Importer(815301076,1909f56bfc062723c751e8b465ee728b)  -> (artifact id: '3fc6b3985e85c7979d114202f0e6b280') in 0.021803 seconds
  Import took 0.026542 seconds .

========================================================================
Received Import Request.
  Time since last request: 1.549450 seconds.
  path: Assets/Scripts/NPCController.cs
  artifactKey: Guid(d881237c948aea74985c130aea0d6cd9) Importer(815301076,1909f56bfc062723c751e8b465ee728b)
Start importing Assets/Scripts/NPCController.cs using Guid(d881237c948aea74985c130aea0d6cd9) Importer(815301076,1909f56bfc062723c751e8b465ee728b)  -> (artifact id: 'b32c5640547f71d28f058ba815e828df') in 0.017308 seconds
  Import took 0.025733 seconds .

========================================================================
Received Prepare
Registering precompiled user dll's ...
Registered in 0.008634 seconds.
Begin MonoManager ReloadAssembly
Native extension for WindowsStandalone target not found
Refreshing native plugins compatible for Editor in 0.53 ms, found 3 plugins.
Preloading 0 native plugins for Editor in 0.00 ms.
Invoked RoslynAnalysisRunner static constructor.
RoslynAnalysisRunner will not be running.
RoslynAnalysisRunner has terminated.
Mono: successfully reloaded assembly
- Completed reload, in  1.407 seconds
Platform modules already initialized, skipping
Refreshing native plugins compatible for Editor in 0.42 ms, found 3 plugins.
Preloading 0 native plugins for Editor in 0.00 ms.
Unloading 1738 Unused Serialized files (Serialized files now loaded: 0)
System memory in use before: 77.3 MB.
System memory in use after: 77.4 MB.

Unloading 16 unused Assets to reduce memory usage. Loaded Objects now: 2191.
Total: 2.834500 ms (FindLiveObjects: 0.195300 ms CreateObjectMapping: 0.078100 ms MarkObjects: 2.520600 ms  DeleteObjects: 0.039200 ms)

AssetImportWorkerClient::OnTransportError - code=2 error=End of file
